proguard/seeds.txt
com.ex.fivemao.BaseActivity
com.ex.fivemao.BaseActivity: BaseActivity()
com.ex.fivemao.BoardActivity
com.ex.fivemao.BoardActivity: BoardActivity()
com.ex.fivemao.BoardMsgDescActivity
com.ex.fivemao.BoardMsgDescActivity: BoardMsgDescActivity()
com.ex.fivemao.FiveMaoApplication
com.ex.fivemao.FiveMaoApplication: FiveMaoApplication()
com.ex.fivemao.HelpGuideActivity
com.ex.fivemao.HelpGuideActivity: HelpGuideActivity()
com.ex.fivemao.HotHotActivity
com.ex.fivemao.HotHotActivity: HotHotActivity()
com.ex.fivemao.MainActivity
com.ex.fivemao.MainActivity: MainActivity()
com.ex.fivemao.MeActivity
com.ex.fivemao.MeActivity: MeActivity()
com.ex.fivemao.MeBoughtMembershipActivity
com.ex.fivemao.MeBoughtMembershipActivity: MeBoughtMembershipActivity()
com.ex.fivemao.MeBoughtVideosActivity
com.ex.fivemao.MeBoughtVideosActivity: MeBoughtVideosActivity()
com.ex.fivemao.MeLoginActivity
com.ex.fivemao.MeLoginActivity: MeLoginActivity()
com.ex.fivemao.MeRecDownsActivity
com.ex.fivemao.MeRecDownsActivity: MeRecDownsActivity()
com.ex.fivemao.MeVisitedVideosActivity
com.ex.fivemao.MeVisitedVideosActivity: MeVisitedVideosActivity()
com.ex.fivemao.MenuSettingsActivity
com.ex.fivemao.MenuSettingsActivity: MenuSettingsActivity()
com.ex.fivemao.R$anim: int anim_in
com.ex.fivemao.R$anim: int anim_out
com.ex.fivemao.R$anim: int cycle_3
com.ex.fivemao.R$anim: int cycle_7
com.ex.fivemao.R$anim: int rotate
com.ex.fivemao.R$anim: int shake
com.ex.fivemao.R$anim: int shake2
com.ex.fivemao.R$anim: int zoom
com.ex.fivemao.R$anim: int zoom2
com.ex.fivemao.R$color: int bg_video_controller
com.ex.fivemao.R$color: int bg_video_controller_divider
com.ex.fivemao.R$color: int black
com.ex.fivemao.R$color: int colorAccent
com.ex.fivemao.R$color: int colorPrimary
com.ex.fivemao.R$color: int colorPrimaryDark
com.ex.fivemao.R$color: int color_efefef
com.ex.fivemao.R$color: int transparent
com.ex.fivemao.R$color: int white
com.ex.fivemao.R$dimen: int activity_horizontal_margin
com.ex.fivemao.R$dimen: int activity_vertical_margin
com.ex.fivemao.R$drawable: int backarrow
com.ex.fivemao.R$drawable: int bg_bottom_shadow
com.ex.fivemao.R$drawable: int bg_top_shadow
com.ex.fivemao.R$drawable: int bg_video_progress_dialog
com.ex.fivemao.R$drawable: int bitmap_bg1
com.ex.fivemao.R$drawable: int bitmap_bg2
com.ex.fivemao.R$drawable: int board
com.ex.fivemao.R$drawable: int bt_round_shape
com.ex.fivemao.R$drawable: int bt_round_shape_1
com.ex.fivemao.R$drawable: int bt_round_shape_normal
com.ex.fivemao.R$drawable: int bt_round_shape_normal_1
com.ex.fivemao.R$drawable: int bt_round_shape_pressed
com.ex.fivemao.R$drawable: int bt_round_shape_pressed_1
com.ex.fivemao.R$drawable: int contactsupportqrcode
com.ex.fivemao.R$drawable: int correct_bg_video_controller
com.ex.fivemao.R$drawable: int correct_white_stroke
com.ex.fivemao.R$drawable: int edit_delete_icon
com.ex.fivemao.R$drawable: int edit_delete_pressed_icon
com.ex.fivemao.R$drawable: int edit_text_border
com.ex.fivemao.R$drawable: int fivemaoappdownload
com.ex.fivemao.R$drawable: int home_bg
com.ex.fivemao.R$drawable: int hothothot
com.ex.fivemao.R$drawable: int ic_back_white
com.ex.fivemao.R$drawable: int ic_launcher
com.ex.fivemao.R$drawable: int ic_music_close
com.ex.fivemao.R$drawable: int ic_video_back
com.ex.fivemao.R$drawable: int ic_video_back_home
com.ex.fivemao.R$drawable: int ic_video_free_complete
com.ex.fivemao.R$drawable: int ic_video_fullscreen
com.ex.fivemao.R$drawable: int ic_video_more_download
...
android.support.v4.view.ViewPager$SavedState
android.support.v4.view.ViewPager$SavedState: android.os.Parcelable$Creator CREATOR
android.support.v4.widget.ContentLoadingProgressBar
android.support.v4.widget.ContentLoadingProgressBar: ContentLoadingProgressBar(android.content.Context,android.util.AttributeSet)
android.support.v4.widget.DrawerLayout
android.support.v4.widget.DrawerLayout: DrawerLayout(android.content.Context,android.util.AttributeSet)
android.support.v4.widget.DrawerLayout: DrawerLayout(android.content.Context,android.util.AttributeSet,int)
android.support.v4.widget.DrawerLayout: void setScrimColor(int)
android.support.v4.widget.DrawerLayout: void setDrawerListener(android.support.v4.widget.DrawerLayout$DrawerListener)
android.support.v4.widget.DrawerLayout: void setDrawerLockMode(int)
android.support.v4.widget.DrawerLayout$LayoutParams
android.support.v4.widget.DrawerLayout$LayoutParams: DrawerLayout$LayoutParams(android.content.Context,android.util.AttributeSet)
android.support.v4.widget.DrawerLayout$SavedState
android.support.v4.widget.DrawerLayout$SavedState: android.os.Parcelable$Creator CREATOR
android.support.v4.widget.SlidingPaneLayout
android.support.v4.widget.SlidingPaneLayout: SlidingPaneLayout(android.content.Context,android.util.AttributeSet)
android.support.v4.widget.SlidingPaneLayout: SlidingPaneLayout(android.content.Context,android.util.AttributeSet,int)
android.support.v4.widget.SlidingPaneLayout: void setParallaxDistance(int)
android.support.v4.widget.SlidingPaneLayout: int getParallaxDistance()
android.support.v4.widget.SlidingPaneLayout: void setSliderFadeColor(int)
android.support.v4.widget.SlidingPaneLayout: int getSliderFadeColor()
android.support.v4.widget.SlidingPaneLayout: void setCoveredFadeColor(int)
android.support.v4.widget.SlidingPaneLayout: int getCoveredFadeColor()
android.support.v4.widget.SlidingPaneLayout: void setPanelSlideListener(android.support.v4.widget.SlidingPaneLayout$PanelSlideListener)
android.support.v4.widget.SlidingPaneLayout: void setShadowDrawable(android.graphics.drawable.Drawable)
android.support.v4.widget.SlidingPaneLayout: void setShadowDrawableLeft(android.graphics.drawable.Drawable)
android.support.v4.widget.SlidingPaneLayout: void setShadowDrawableRight(android.graphics.drawable.Drawable)
android.support.v4.widget.SlidingPaneLayout: void setShadowResource(int)
android.support.v4.widget.SlidingPaneLayout: void setShadowResourceLeft(int)
android.support.v4.widget.SlidingPaneLayout: void setShadowResourceRight(int)
android.support.v4.widget.SlidingPaneLayout$LayoutParams
android.support.v4.widget.SlidingPaneLayout$LayoutParams: SlidingPaneLayout$LayoutParams(android.content.Context,android.util.AttributeSet)
android.support.v4.widget.SlidingPaneLayout$SavedState
android.support.v4.widget.SlidingPaneLayout$SavedState: android.os.Parcelable$Creator CREATOR
android.support.v4.widget.SwipeRefreshLayout
android.support.v4.widget.SwipeRefreshLayout: SwipeRefreshLayout(android.content.Context,android.util.AttributeSet)
android.support.v4.widget.SwipeRefreshLayout: void setOnRefreshListener(android.support.v4.widget.SwipeRefreshLayout$OnRefreshListener)
android.support.v4.widget.SwipeRefreshLayout: void setTriggerPercentage(float)
android.support.v4.widget.SwipeRefreshLayout: void setRefreshing(boolean)
android.support.v4.widget.SwipeRefreshLayout: void setTargetOffsetTopAndBottom(int)