proguard/mapping.txt
com.ex.fivemao.BaseActivity -> com.ex.fivemao.BaseActivity:
    java.lang.String loginUserName -> a
    java.lang.String loginUserBirthday -> b
    java.lang.String loginUserEmail -> c
    java.lang.String loginUserProxyEmail -> d
    java.lang.String lockPasswordForThisPhone -> e
    boolean lockOpened -> f
    java.util.Date membershipExpiryDate -> g
    java.lang.String callerClassName -> h
    android.content.BroadcastReceiver mHomeKeyEventReceiver -> i
    void onCreate(android.os.Bundle) -> onCreate
    void homePressedQuickly() -> a
    void onDestroy() -> onDestroy
    boolean onOptionsItemSelected(android.view.MenuItem) -> onOptionsItemSelected
    void startEffectsZoom(android.view.View) -> a
    void showRecPageChoice() -> x
    void gotoMePage() -> b
    void gotoRecAppActivty() -> c
    void gotoHelpGuideActivity() -> d
    java.lang.Boolean loadBGMusicSettings() -> e
    void pauseBGMusic() -> f
    void pauseBGMusicBySystem() -> g
    void startBGMusic() -> h
    void startBGMusicAfterReset() -> i
    void stopBGMusicService() -> j
    void gotoFilmListActivity() -> k
    void gotoSearchFilmActivity() -> l
    void startSettingsPage() -> y
    void cleanCache() -> m
    void shareToWechatAction() -> n
    void onResume() -> onResume
    void initUserData() -> o
    void loadFilmsAuthed() -> p
    void contactSupport() -> q
    void contactViaText() -> z
    void shareToQQWechat(java.lang.String) -> a
com.ex.fivemao.BaseActivity$1 -> com.ex.fivemao.a:
    java.lang.String SYSTEM_REASON -> a
    java.lang.String SYSTEM_HOME_KEY -> b
    java.lang.String SYSTEM_HOME_KEY_LONG -> c
    com.ex.fivemao.BaseActivity this$0 -> d
    void onReceive(android.content.Context,android.content.Intent) -> onReceive
com.ex.fivemao.BaseActivity$10 -> com.ex.fivemao.b:
    com.ex.fivemao.BaseActivity this$0 -> a
    void handleMessage(android.os.Message) -> handleMessage
com.ex.fivemao.BaseActivity$11 -> com.ex.fivemao.c:
    com.ex.fivemao.BaseActivity this$0 -> a
    void handleMessage(android.os.Message) -> handleMessage
com.ex.fivemao.BaseActivity$12 -> com.ex.fivemao.d:
    com.ex.fivemao.BaseActivity this$0 -> a
    void onClick(android.content.DialogInterface,int) -> onClick
com.ex.fivemao.BaseActivity$13 -> com.ex.fivemao.e:
    com.ex.fivemao.BaseActivity this$0 -> a
    android.widget.EditText val$editText -> b
    void onClick(android.content.DialogInterface,int) -> onClick
com.ex.fivemao.BaseActivity$14 -> com.ex.fivemao.f:
    com.ex.fivemao.BaseActivity this$0 -> a
    void onSureClick() -> a
    void onCancelClick() -> b
com.ex.fivemao.BaseActivity$15 -> com.ex.fivemao.g:
    com.ex.fivemao.BaseActivity this$0 -> a
    void onSureClick() -> a
    void onCancelClick() -> b
com.ex.fivemao.BaseActivity$16 -> com.ex.fivemao.h:
    com.ex.fivemao.BaseActivity this$0 -> a
    boolean accept(java.io.File,java.lang.String) -> accept
com.ex.fivemao.BaseActivity$2 -> com.ex.fivemao.i:
    com.ex.fivemao.BaseActivity this$0 -> a
    void onSureClick() -> a
    void onCancelClick() -> b
com.ex.fivemao.BaseActivity$3 -> com.ex.fivemao.j:
    com.ex.fivemao.BaseActivity this$0 -> a
    void onSureClick() -> a
    void onCancelClick() -> b
com.ex.fivemao.BaseActivity$4 -> com.ex.fivemao.k:
    com.ex.fivemao.BaseActivity this$0 -> a
    void onSureClick() -> a
    void onCancelClick() -> b
com.ex.fivemao.BaseActivity$5 -> com.ex.fivemao.l:
    com.ex.fivemao.BaseActivity this$0 -> a
    void handleMessage(android.os.Message) -> handleMessage
com.ex.fivemao.BaseActivity$6 -> com.ex.fivemao.m:
    com.ex.fivemao.BaseActivity this$0 -> a
    android.app.Dialog val$dia -> b
    void onClick(android.view.View) -> onClick
com.ex.fivemao.BaseActivity$7 -> com.ex.fivemao.n:
    com.ex.fivemao.BaseActivity this$0 -> a
    android.app.Dialog val$dia -> b
    void onClick(android.view.View) -> onClick
...
android.support.v4.view.ViewPager$1 -> android.support.v4.view.at:
    int compare(android.support.v4.view.ViewPager$ItemInfo,android.support.v4.view.ViewPager$ItemInfo) -> a
    int compare(java.lang.Object,java.lang.Object) -> compare
android.support.v4.view.ViewPager$2 -> android.support.v4.view.au:
    float getInterpolation(float) -> getInterpolation
android.support.v4.view.ViewPager$Decor -> android.support.v4.view.av:
android.support.v4.view.ViewPager$ItemInfo -> android.support.v4.view.aw:
    java.lang.Object object -> a
    int position -> b
    boolean scrolling -> c
    float widthFactor -> d
    float offset -> e
android.support.v4.view.ViewPager$LayoutParams -> android.support.v4.view.ViewPager$LayoutParams:
    boolean isDecor -> a
    int gravity -> b
    float widthFactor -> c
    boolean needsMeasure -> d
    int position -> e
    int childIndex -> f
android.support.v4.view.ViewPager$OnAdapterChangeListener -> android.support.v4.view.ax:
    void onAdapterChanged(android.support.v4.view.PagerAdapter,android.support.v4.view.PagerAdapter) -> a
android.support.v4.view.ViewPager$OnPageChangeListener -> android.support.v4.view.ay:
    void onPageScrolled(int,float,int) -> a
    void onPageSelected(int) -> a
    void onPageScrollStateChanged(int) -> b
android.support.v4.view.ViewPager$PageTransformer -> android.support.v4.view.az:
    void transformPage(android.view.View,float) -> a
android.support.v4.view.ViewPager$PagerObserver -> android.support.v4.view.ba:
    android.support.v4.view.ViewPager this$0 -> a
    void onChanged() -> onChanged
    void onInvalidated() -> onInvalidated
android.support.v4.view.ViewPager$SavedState -> android.support.v4.view.ViewPager$SavedState:
    int position -> a
    android.os.Parcelable adapterState -> b
    java.lang.ClassLoader loader -> c
    android.os.Parcelable$Creator CREATOR -> CREATOR
    void writeToParcel(android.os.Parcel,int) -> writeToParcel
    java.lang.String toString() -> toString
android.support.v4.view.ViewPager$SavedState$1 -> android.support.v4.view.bb:
    android.support.v4.view.ViewPager$SavedState createFromParcel(android.os.Parcel,java.lang.ClassLoader) -> b
    android.support.v4.view.ViewPager$SavedState[] newArray(int) -> b
    java.lang.Object[] newArray(int) -> a
    java.lang.Object createFromParcel(android.os.Parcel,java.lang.ClassLoader) -> a
android.support.v4.view.ViewPager$ViewPositionComparator -> android.support.v4.view.bc:
    int compare(android.view.View,android.view.View) -> a
    int compare(java.lang.Object,java.lang.Object) -> compare