proguard/usage.txt
com.ex.fivemao.BaseActivity:
    121:121:protected void homePressedLong()
    229:232:protected void resetBGMusic()
com.ex.fivemao.BuildConfig
com.ex.fivemao.HelpGuideActivity:
    int yourChoice
    61:81:private int loadAndSetVideoLoadingStrategy()
    87:120:private void showChooseVideoLoadingStrategyDialog()
com.ex.fivemao.HelpGuideActivity$2
com.ex.fivemao.HelpGuideActivity$3
com.ex.fivemao.MainActivity:
    private static final float VISUALIZER_HEIGHT_DIP
    1023:1031:private java.lang.Integer getLocalVersion()
    1353:1355:private void releaseVisulizer()
    77:77:static synthetic java.lang.Boolean access$15()
com.ex.fivemao.MainActivity$MyAnimationListener:
    public abstract void onAnimationEnd(android.view.animation.Animation)
com.ex.fivemao.R
com.ex.fivemao.R$anim
com.ex.fivemao.R$attr
com.ex.fivemao.R$color
com.ex.fivemao.R$dimen
com.ex.fivemao.R$drawable
com.ex.fivemao.R$id
com.ex.fivemao.R$layout
com.ex.fivemao.R$menu
com.ex.fivemao.R$string
com.ex.fivemao.R$style
com.ex.fivemao.R$xml
com.ex.fivemao.SearchActivity:
    212:217:private void displayTopMoviesFromHomepage()
com.ex.fivemao.VideoBuyActivity:
    501:519:private void chop(android.net.Uri)
com.ex.fivemao.VideoBuyMembershipActivity:
    519:537:private void chop(android.net.Uri)
com.ex.fivemao.VideoDescActivity:
    public static java.lang.String videoUrl
com.ex.fivemao.VideoDuoPlayerActivity:
    720:745:private android.graphics.Bitmap createVideoThumbnail(java.lang.String,int,int)
com.ex.fivemao.VideoPlayerActivity:
    615:640:private android.graphics.Bitmap createVideoThumbnail(java.lang.String,int,int)
com.ex.fivemao.exception.CrashHandler:
    76:95:public static void logInfoToFile(java.lang.Throwable)
com.ex.fivemao.io.CacheFileUtil:
    15:15:public CacheFileUtil()
    42:51:public static java.io.File writeBitmapToFile(java.lang.String,java.lang.String,android.graphics.Bitmap)
com.ex.fivemao.io.PropertiesUtilWithEnc:
    23:23:public static void main(java.lang.String[])
    27:31:public static java.util.Properties readProperties(java.lang.String)
com.ex.fivemao.io.SensorManagerHelper
com.ex.fivemao.io.SensorManagerHelper$OnShakeListener
com.ex.fivemao.io.WithEnc:
    14:14:public WithEnc()
    17:22:public static void main(java.lang.String[])
    26:45:private static void withEncFile(java.io.File,java.io.File)
    49:52:public static android.graphics.Bitmap getImageBigMapWithEnc(java.lang.String)
com.ex.fivemao.ui.BaseIntent:
    public static final java.lang.String CALLER_NAME_KEY
    10:13:public void setCallerActivityClassName(android.app.Activity)
com.ex.fivemao.ui.CustomVideoView
com.ex.fivemao.ui.CusttomToast:
    27:28:public CusttomToast(android.content.Context)
com.ex.fivemao.ui.MyImageView:
    public static final int GET_DATA_SUCCESS
    public static final int NETWORK_ERROR
    public static final int SERVER_ERROR
com.ex.fivemao.ui.MyVisualizerView:
    private static final int DN_W
    private static final int DN_H
    private static final int DN_SL
    private static final int DN_SW
    protected static final int MAX_LEVEL
    protected static final int CYLINDER_NUM
com.ex.fivemao.ui.SearchEditText:
    private static final java.lang.String TAG
com.ex.fivemao.utils.FlagsUtil:
    3:3:public FlagsUtil()
com.ex.fivemao.utils.NetworkUtil:
    11:11:public NetworkUtil()
...
android.support.v4.text.BidiFormatter$DirectionalityEstimator
android.support.v4.text.ICUCompat
android.support.v4.text.ICUCompat$ICUCompatImpl
android.support.v4.text.ICUCompat$ICUCompatImplBase
android.support.v4.text.ICUCompat$ICUCompatImplIcs
android.support.v4.text.ICUCompatIcs
android.support.v4.text.TextDirectionHeuristicCompat
android.support.v4.text.TextDirectionHeuristicsCompat
android.support.v4.text.TextDirectionHeuristicsCompat$1
android.support.v4.text.TextDirectionHeuristicsCompat$AnyStrong
android.support.v4.text.TextDirectionHeuristicsCompat$FirstStrong
android.support.v4.text.TextDirectionHeuristicsCompat$TextDirectionAlgorithm
android.support.v4.text.TextDirectionHeuristicsCompat$TextDirectionHeuristicImpl
android.support.v4.text.TextDirectionHeuristicsCompat$TextDirectionHeuristicInternal
android.support.v4.text.TextDirectionHeuristicsCompat$TextDirectionHeuristicLocale
android.support.v4.text.TextUtilsCompat
android.support.v4.util.ArrayMap:
    61:62:public ArrayMap(int)
    68:69:public ArrayMap(android.support.v4.util.SimpleArrayMap)
    130:130:public boolean containsAll(java.util.Collection)
    151:151:public boolean removeAll(java.util.Collection)
    161:161:public boolean retainAll(java.util.Collection)
android.support.v4.util.AtomicFile
android.support.v4.util.CircularArray
android.support.v4.util.ContainerHelpers:
    19:19:ContainerHelpers()
    29:29:public static int idealLongArraySize(int)
    65:80:static int binarySearch(long[],int,long)
android.support.v4.util.DebugUtils:
    25:25:public DebugUtils()
android.support.v4.util.LongSparseArray
android.support.v4.util.LruCache
android.support.v4.util.Pools
android.support.v4.util.Pools$Pool
android.support.v4.util.Pools$SimplePool
android.support.v4.util.Pools$SynchronizedPool
android.support.v4.util.SimpleArrayMap:
    private static final boolean DEBUG
    private static final java.lang.String TAG
    private static final int BASE_SIZE
    private static final int CACHE_SIZE
    217:225:public SimpleArrayMap(int)
    231:235:public SimpleArrayMap(android.support.v4.util.SimpleArrayMap)
    419:432:public void putAll(android.support.v4.util.SimpleArrayMap)
android.support.v4.util.SparseArrayCompat:
    76:76:public java.lang.Object get(int)
    85:90:public java.lang.Object get(int,java.lang.Object)
    98:106:public void delete(int)
    112:113:public void remove(int)
    119:123:public void removeAt(int)
    132:136:public void removeAtRange(int,int)
    172:216:public void put(int,java.lang.Object)
    263:268:public void setValueAt(int,java.lang.Object)
    276:280:public int indexOfKey(int)
    294:302:public int indexOfValue(java.lang.Object)
    325:352:public void append(int,java.lang.Object)
android.support.v4.util.TimeUtils